<?xml version="1.0" encoding="UTF-8"?>
<!-- Generated by org.testng.reporters.JUnitReportReporter -->
<testsuite hostname="DESKTOP-UOABF29" failures="0" tests="2" name="seleniumLogin.LoginTest" time="23.484" errors="0" timestamp="2024-06-06T20:05:32 IST" skipped="0">
  <testcase classname="seleniumLogin.LoginTest" name="testLogin1" time="14.699"/>
  <testcase classname="seleniumLogin.LoginTest" name="testLogin2" time="8.785"/>
</testsuite> <!-- seleniumLogin.LoginTest -->
