<?xml version="1.0" encoding="UTF-8"?>
<!-- Generated by org.testng.reporters.JUnitReportReporter -->
<testsuite hostname="DESKTOP-UOABF29" failures="0" tests="2" name="seleniumLogin.LoginTest" time="67.572" errors="0" timestamp="2024-05-13T14:37:35 IST" skipped="0">
  <testcase classname="seleniumLogin.LoginTest" name="testLogin1" time="50.223"/>
  <testcase classname="seleniumLogin.LoginTest" name="testLogin2" time="17.349"/>
</testsuite> <!-- seleniumLogin.LoginTest -->
